<?xml version="1.0" encoding="UTF-8"?>
<!-- Generated by org.testng.reporters.JUnitReportReporter -->
<testsuite hostname="DESKTOP-NODRDKI" failures="0" tests="5" name="TestCases.TC_VideoGameApiTest" time="3.671" errors="0" timestamp="2023-12-25T00:37:56 PST" skipped="0">
  <testcase classname="TestCases.TC_VideoGameApiTest" name="GetallVideoGame" time="2.623"/>
  <system-out/>
  <testcase classname="TestCases.TC_VideoGameApiTest" name="PostRequest" time="0.822"/>
  <system-out/>
  <testcase classname="TestCases.TC_VideoGameApiTest" name="singlegetRequest" time="0.104"/>
  <system-out/>
  <testcase classname="TestCases.TC_VideoGameApiTest" name="putRequest" time="0.076"/>
  <system-out/>
  <testcase classname="TestCases.TC_VideoGameApiTest" name="DeleteRequest" time="0.046"/>
  <system-out/>
</testsuite> <!-- TestCases.TC_VideoGameApiTest -->
